--------------------------------------------------------------------------------
Release 14.7 Trace  (nt)
Copyright (c) 1995-2013 Xilinx, Inc.  All rights reserved.

C:\Xilinx\14.7\ISE_DS\ISE\bin\nt\unwrapped\trce.exe -intstyle ise -v 3 -s 5 -n
3 -fastpaths -xml ALU_Main.twx ALU_Main.ncd -o ALU_Main.twr ALU_Main.pcf -ucf
SyncRAM.ucf

Design file:              ALU_Main.ncd
Physical constraint file: ALU_Main.pcf
Device,package,speed:     xc3s500e,ft256,-5 (PRODUCTION 1.27 2013-10-13)
Report level:             verbose report

Environment Variable      Effect 
--------------------      ------ 
NONE                      No environment variables were set
--------------------------------------------------------------------------------

INFO:Timing:2698 - No timing constraints found, doing default enumeration.
INFO:Timing:3412 - To improve timing, see the Timing Closure User Guide (UG612).
INFO:Timing:2752 - To get complete path coverage, use the unconstrained paths 
   option. All paths that are not constrained will be reported in the 
   unconstrained paths section(s) of the report.
INFO:Timing:3339 - The clock-to-out numbers in this timing report are based on 
   a 50 Ohm transmission line loading model.  For the details of this model, 
   and for more information on accounting for different loading conditions, 
   please see the device datasheet.
INFO:Timing:3390 - This architecture does not support a default System Jitter 
   value, please add SYSTEM_JITTER constraint to the UCF to modify the Clock 
   Uncertainty calculation.
INFO:Timing:3389 - This architecture does not support 'Discrete Jitter' and 
   'Phase Error' calculations, these terms will be zero in the Clock 
   Uncertainty calculation.  Please make appropriate modification to 
   SYSTEM_JITTER to account for the unsupported Discrete Jitter and Phase 
   Error.



Data Sheet report:
-----------------
All values displayed in nanoseconds (ns)

Pad to Pad
---------------+---------------+---------+
Source Pad     |Destination Pad|  Delay  |
---------------+---------------+---------+
_function<0>   |result<0>      |    7.431|
_function<0>   |result<1>      |   12.072|
_function<0>   |result<2>      |   12.190|
_function<0>   |result<3>      |   12.119|
_function<1>   |result<0>      |    7.477|
_function<1>   |result<1>      |   12.442|
_function<1>   |result<2>      |   12.560|
_function<1>   |result<3>      |   12.489|
_function<2>   |result<0>      |    7.073|
_function<2>   |result<1>      |   14.017|
_function<2>   |result<2>      |   14.135|
_function<2>   |result<3>      |   14.064|
a<0>           |LED<0>         |    4.716|
a<0>           |result<0>      |    6.501|
a<0>           |result<1>      |    8.206|
a<0>           |result<2>      |    8.661|
a<0>           |result<3>      |    9.197|
a<1>           |LED<1>         |    5.199|
a<1>           |result<1>      |    9.072|
a<1>           |result<2>      |    8.828|
a<1>           |result<3>      |    8.586|
a<2>           |LED<2>         |    5.013|
a<2>           |result<2>      |    9.517|
a<2>           |result<3>      |    9.265|
a<3>           |LED<3>         |    5.088|
a<3>           |result<3>      |    7.943|
b<0>           |result<0>      |    6.575|
b<0>           |result<1>      |    8.389|
b<0>           |result<2>      |    8.878|
b<0>           |result<3>      |    9.414|
b<1>           |result<1>      |    9.901|
b<1>           |result<2>      |    9.657|
b<1>           |result<3>      |    9.407|
b<2>           |result<2>      |    9.701|
b<2>           |result<3>      |    9.449|
b<3>           |result<3>      |    8.347|
---------------+---------------+---------+


Analysis completed Fri Aug 12 18:00:25 2016 
--------------------------------------------------------------------------------

Trace Settings:
-------------------------
Trace Settings 

Peak Memory Usage: 118 MB



